2018/04/17 17:17:36 INFO  - jmeter.util.JMeterUtils: Setting Locale to zh_CN 
2018/04/17 17:17:36 INFO  - jmeter.JMeter: Loading system properties from: C:\Users\cisdi\IdeaProjects\BaseLine\target\jmeter\bin\system.properties 
2018/04/17 17:17:36 INFO  - jmeter.JMeter: Copyright (c) 1998-2016 The Apache Software Foundation 
2018/04/17 17:17:36 INFO  - jmeter.JMeter: Version 3.1 r1770033 
2018/04/17 17:17:36 INFO  - jmeter.JMeter: java.version=1.7.0_79 
2018/04/17 17:17:36 INFO  - jmeter.JMeter: java.vm.name=Java HotSpot(TM) 64-Bit Server VM 
2018/04/17 17:17:36 INFO  - jmeter.JMeter: os.name=Windows 7 
2018/04/17 17:17:36 INFO  - jmeter.JMeter: os.arch=amd64 
2018/04/17 17:17:36 INFO  - jmeter.JMeter: os.version=6.1 
2018/04/17 17:17:36 INFO  - jmeter.JMeter: file.encoding=GBK 
2018/04/17 17:17:36 INFO  - jmeter.JMeter: Max memory     =515375104 
2018/04/17 17:17:36 INFO  - jmeter.JMeter: Available Processors =4 
2018/04/17 17:17:36 INFO  - jmeter.JMeter: Default Locale=中文 (中国) 
2018/04/17 17:17:36 INFO  - jmeter.JMeter: JMeter  Locale=中文 (中国) 
2018/04/17 17:17:36 INFO  - jmeter.JMeter: JMeterHome=C:\Users\cisdi\IdeaProjects\BaseLine\target\jmeter 
2018/04/17 17:17:36 INFO  - jmeter.JMeter: user.dir  =C:\Users\cisdi\IdeaProjects\BaseLine\target\jmeter\bin 
2018/04/17 17:17:36 INFO  - jmeter.JMeter: PWD       =C:\Users\cisdi\IdeaProjects\BaseLine\target\jmeter\bin 
2018/04/17 17:17:36 INFO  - jmeter.JMeter: IP: 192.168.166.234 Name: sdxx-17005n-012 FullName: sdxx-17005n-012.cisdi.com.cn 
2018/04/17 17:17:36 INFO  - jmeter.services.FileServer: Default base='C:\Users\cisdi\IdeaProjects\BaseLine\target\jmeter\bin' 
2018/04/17 17:17:36 INFO  - jmeter.services.FileServer: Set new base='C:\Users\cisdi\IdeaProjects\BaseLine\target\jmeter\testFiles' 
2018/04/17 17:17:36 INFO  - jmeter.save.SaveService: Testplan (JMX) version: 2.2. Testlog (JTL) version: 2.2 
2018/04/17 17:17:36 INFO  - jmeter.save.SaveService: Using SaveService properties file encoding UTF-8 
2018/04/17 17:17:36 INFO  - jmeter.save.SaveService: Using SaveService properties version 3.1 
2018/04/17 17:17:36 INFO  - jmeter.save.SaveService: All converter versions present and correct 
2018/04/17 17:17:36 INFO  - jmeter.save.SaveService: Loading file: C:\Users\cisdi\IdeaProjects\BaseLine\target\jmeter\testFiles\login.jmx 
2018/04/17 17:17:37 INFO  - jmeter.protocol.http.control.CookieManager: Settings: Delete null: true Check: true Allow variable: true Save: false Prefix: COOKIE_ 
2018/04/17 17:17:37 INFO  - jmeter.protocol.http.sampler.HTTPSamplerBase: Parser for text/html is org.apache.jmeter.protocol.http.parser.LagartoBasedHtmlParser 
2018/04/17 17:17:37 INFO  - jmeter.protocol.http.sampler.HTTPSamplerBase: Parser for application/xhtml+xml is org.apache.jmeter.protocol.http.parser.LagartoBasedHtmlParser 
2018/04/17 17:17:37 INFO  - jmeter.protocol.http.sampler.HTTPSamplerBase: Parser for application/xml is org.apache.jmeter.protocol.http.parser.LagartoBasedHtmlParser 
2018/04/17 17:17:37 INFO  - jmeter.protocol.http.sampler.HTTPSamplerBase: Parser for text/xml is org.apache.jmeter.protocol.http.parser.LagartoBasedHtmlParser 
2018/04/17 17:17:37 INFO  - jmeter.protocol.http.sampler.HTTPSamplerBase: Parser for text/vnd.wap.wml is org.apache.jmeter.protocol.http.parser.RegexpHTMLParser 
2018/04/17 17:17:37 INFO  - jmeter.protocol.http.sampler.HTTPSamplerBase: Parser for text/css is org.apache.jmeter.protocol.http.parser.CssParser 
2018/04/17 17:17:37 INFO  - jmeter.JMeter: Creating summariser <summary> 
2018/04/17 17:17:37 INFO  - jmeter.engine.StandardJMeterEngine: Running the test! 
2018/04/17 17:17:37 INFO  - jmeter.samplers.SampleEvent: List of sample_variables: [] 
2018/04/17 17:17:37 INFO  - jmeter.samplers.SampleEvent: List of sample_variables: [] 
2018/04/17 17:17:37 INFO  - jmeter.engine.util.CompoundVariable: Note: Function class names must contain the string: '.functions.' 
2018/04/17 17:17:37 INFO  - jmeter.engine.util.CompoundVariable: Note: Function class names must not contain the string: '.gui.' 
2018/04/17 17:17:37 INFO  - jmeter.JMeter: 正在运行的测试 (1523956657129) 
2018/04/17 17:17:37 INFO  - jmeter.engine.StandardJMeterEngine: Starting ThreadGroup: 1 : 线程组 
2018/04/17 17:17:37 INFO  - jmeter.engine.StandardJMeterEngine: Starting 1 threads for group 线程组. 
2018/04/17 17:17:37 INFO  - jmeter.engine.StandardJMeterEngine: Thread will continue on error 
2018/04/17 17:17:37 INFO  - jmeter.threads.ThreadGroup: Starting thread group number 1 threads 1 ramp-up 1 perThread 1000.0 delayedStart=false 
2018/04/17 17:17:37 INFO  - jmeter.threads.ThreadGroup: Started thread group number 1 
2018/04/17 17:17:37 INFO  - jmeter.engine.StandardJMeterEngine: All thread groups have been started 
2018/04/17 17:17:37 INFO  - jmeter.threads.JMeterThread: Thread started: 线程组 1-1 
2018/04/17 17:17:37 INFO  - jmeter.services.FileServer: Stored: ./19998_id.txt 
2018/04/17 17:17:37 INFO  - jmeter.protocol.http.sampler.HTTPHCAbstractImpl: Local host = sdxx-17005n-012 
2018/04/17 17:17:37 INFO  - jmeter.protocol.http.sampler.HTTPHC4Impl: HTTP request retry count = 0 
2018/04/17 17:17:37 INFO  - jmeter.samplers.SampleResult: Note: Sample TimeStamps are START times 
2018/04/17 17:17:37 INFO  - jmeter.samplers.SampleResult: sampleresult.default.encoding is set to ISO-8859-1 
2018/04/17 17:17:37 INFO  - jmeter.samplers.SampleResult: sampleresult.useNanoTime=true 
2018/04/17 17:17:37 INFO  - jmeter.samplers.SampleResult: sampleresult.nanoThreadSleep=5000 
2018/04/17 17:17:37 INFO  - jmeter.protocol.http.sampler.LazySchemeSocketFactory: Setting up HTTPS TrustAll Socket Factory 
2018/04/17 17:17:37 INFO  - jmeter.util.JsseSSLManager: Using default SSL protocol: TLS 
2018/04/17 17:17:37 INFO  - jmeter.util.JsseSSLManager: SSL session context: per-thread 
2018/04/17 17:17:37 INFO  - jmeter.util.SSLManager: JmeterKeyStore Location:  type JKS 
2018/04/17 17:17:37 INFO  - jmeter.util.SSLManager: KeyStore created OK 
2018/04/17 17:17:37 WARN  - jmeter.util.SSLManager: Keystore file not found, loading empty keystore 
2018/04/17 17:17:39 INFO  - jmeter.threads.JMeterThread: Thread is done: 线程组 1-1 
2018/04/17 17:17:39 INFO  - jmeter.threads.JMeterThread: Thread finished: 线程组 1-1 
2018/04/17 17:17:39 INFO  - jmeter.engine.StandardJMeterEngine: Notifying test listeners of end of test 
2018/04/17 17:17:39 INFO  - jmeter.services.FileServer: Close: ./19998_id.txt 
2018/04/17 17:17:39 INFO  - jmeter.reporters.Summariser: summary =     10 in 00:00:03 =    3.5/s Avg:   266 Min:   145 Max:   844 Err:     0 (0.00%) 
